2026-05-30 06:59:03  INFO      ════════════════════════════════════════════════════════════════
2026-05-30 06:59:03  INFO      MORE Chicago hyetograph analysis — start
2026-05-30 06:59:03  INFO        OUTPUT_DIR  : /home/admin_climatecharted_com/data/MOloch/IDF_results
2026-05-30 06:59:03  INFO        CHICAGO_DIR : /home/admin_climatecharted_com/data/MOloch/IDF_results/chicago
2026-05-30 06:59:03  INFO        Target RP   : 100 years
2026-05-30 06:59:03  INFO        Durations   : [1, 3] h
2026-05-30 06:59:03  INFO        Chicago r   : 0.35  a=0.65  b=0.10  n=0.72  Δt=5 min
2026-05-30 06:59:03  INFO        cartopy     : True
2026-05-30 06:59:03  INFO      ════════════════════════════════════════════════════════════════
2026-05-30 06:59:03  INFO      ── Section 3: Loading IDF rasters (RP100) ──────────────────────
2026-05-30 06:59:03  INFO        1h  RP100: min=14.2  max=1509.7  mean=62.3 mm
2026-05-30 06:59:03  INFO        3h  RP100: min=24.6  max=514.0  mean=93.0 mm
2026-05-30 06:59:03  INFO      ── Section 3b: Pixel-wise IDF parameter fitting ───────────────
2026-05-30 06:59:03  INFO        Loading IDF return-value rasters …
2026-05-30 06:59:03  INFO          1h loaded
2026-05-30 06:59:03  INFO          3h loaded
2026-05-30 06:59:03  INFO          6h loaded
2026-05-30 06:59:03  INFO          12h loaded
2026-05-30 06:59:03  INFO          24h loaded
2026-05-30 06:59:03  INFO        Return-value cube: (5, 5, 960, 768)  (return_periods × durations × lat × lon)
2026-05-30 06:59:03  INFO        Fitting log-linear IDF (vectorised OLS) …
2026-05-30 06:59:03  INFO        a: min=13.04  max=402.77  mean=50.64 mm/hr
2026-05-30 06:59:03  INFO        n: min=-0.046  max=1.261  mean=0.731
2026-05-30 06:59:04  INFO        R²: min=0.0664  mean=0.9881  pct<0.95=0.4%
2026-05-30 06:59:04  INFO        Saved → /home/admin_climatecharted_com/data/MOloch/IDF_results/idf_param_a.nc
2026-05-30 06:59:04  INFO        Saved → /home/admin_climatecharted_com/data/MOloch/IDF_results/idf_param_n.nc
2026-05-30 06:59:04  INFO        Saved → /home/admin_climatecharted_com/data/MOloch/IDF_results/idf_param_fit_quality.nc
2026-05-30 06:59:04  INFO        Pixel-wise IDF parameters ready.
2026-05-30 06:59:04  INFO      ── Section 4: Computing Chicago peak-intensity maps ────────────
2026-05-30 06:59:04  INFO        1h: using spatial a/n (median: a=50.019  n=0.748)
2026-05-30 06:59:04  INFO        1h depth_2d: finite=114854  nan=622426  min=14.24  max=222.24
2026-05-30 06:59:04  INFO        Computing Chicago peak map for 1h …
2026-05-30 06:59:04  INFO        1h peak intensity: min=35.3  max=550.4  mean=154.3 mm/hr
2026-05-30 06:59:04  INFO        3h: using spatial a/n (median: a=50.019  n=0.748)
2026-05-30 06:59:04  INFO        3h depth_2d: finite=114856  nan=622424  min=24.65  max=418.07
2026-05-30 06:59:04  INFO        Computing Chicago peak map for 3h …
2026-05-30 06:59:04  INFO        3h peak intensity: min=42.0  max=711.9  mean=158.3 mm/hr
2026-05-30 06:59:04  INFO      --skip-plots set: matplotlib output suppressed.
2026-05-30 06:59:04  INFO      ── Section 7: Exporting NetCDF ─────────────────────────────────
2026-05-30 06:59:04  INFO        Saved → /home/admin_climatecharted_com/data/MOloch/IDF_results/chicago/chicago_1h_RP100.nc
2026-05-30 06:59:04  INFO        Saved → /home/admin_climatecharted_com/data/MOloch/IDF_results/chicago/chicago_3h_RP100.nc
2026-05-30 06:59:04  INFO      ── Section 8: Summary statistics ──────────────────────────────
2026-05-30 06:59:04  INFO      Chicago hyetograph summary — RP100
2026-05-30 06:59:04  INFO      Parameters: r=0.35  a=0.65  b=0.1  n=0.72  Δt=5.0 min
2026-05-30 06:59:04  INFO        Duration   Depth min   Depth max  Peak i min  Peak i max  Peak i mean
2026-05-30 06:59:04  INFO      ───────────────────────────────────────────────────────────────────────
2026-05-30 06:59:04  INFO              1h        14.2      1509.7        35.3       550.4        154.3
2026-05-30 06:59:04  INFO              3h        24.6       514.0        42.0       711.9        158.3
2026-05-30 06:59:04  INFO      MORE Chicago hyetograph analysis — complete.
